<?xml version="1.0" encoding="UTF-8"?>
<robot generator="Robot 3.2 (Python 3.8.2 on win32)" generated="20200428 11:44:02.616" rpa="false">
<suite id="s1" name="Test" source="c:\Projetos\robot\test.robot">
<test id="s1-t1" name="Deve retornar mensagem de bem vindo">
<kw name="Welcome" library="app">
<arguments>
<arg>Fernando</arg>
</arguments>
<assign>
<var>${result}</var>
</assign>
<msg timestamp="20200428 11:44:02.682" level="INFO">${result} = ola Fernando, Bem vindo!</msg>
<status status="PASS" starttime="20200428 11:44:02.681" endtime="20200428 11:44:02.682"></status>
</kw>
<kw name="Should Be Equal" library="BuiltIn">
<doc>Fails if the given objects are unequal.</doc>
<arguments>
<arg>${result}</arg>
<arg>ola Fernando, Bem vindo!</arg>
</arguments>
<status status="PASS" starttime="20200428 11:44:02.683" endtime="20200428 11:44:02.684"></status>
</kw>
<status status="PASS" starttime="20200428 11:44:02.680" endtime="20200428 11:44:02.684" critical="yes"></status>
</test>
<status status="PASS" starttime="20200428 11:44:02.620" endtime="20200428 11:44:02.687"></status>
</suite>
<statistics>
<total>
<stat pass="1" fail="0">Critical Tests</stat>
<stat pass="1" fail="0">All Tests</stat>
</total>
<tag>
</tag>
<suite>
<stat pass="1" fail="0" id="s1" name="Test">Test</stat>
</suite>
</statistics>
<errors>
</errors>
</robot>
