<?xml version="1.0" encoding="UTF-8"?>
<robot generator="Robot 3.2 (Python 3.8.2 on win32)" generated="20200428 14:20:48.048" rpa="false">
<suite id="s1" name="Title" source="c:\Projetos\robot\web\title.robot">
<test id="s1-t1" name="Validar Titulo">
<kw name="Open Browser" library="SeleniumLibrary">
<doc>Opens a new browser instance to the optional ``url``.</doc>
<arguments>
<arg>http://training-wheels-protocol.herokuapp.com/</arg>
<arg>chrome</arg>
</arguments>
<msg timestamp="20200428 14:20:48.425" level="INFO">Opening browser 'chrome' to base url 'http://training-wheels-protocol.herokuapp.com/'.</msg>
<status status="PASS" starttime="20200428 14:20:48.424" endtime="20200428 14:20:55.055"></status>
</kw>
<kw name="Title Should Be" library="SeleniumLibrary">
<doc>Verifies that the current page title equals ``title``.</doc>
<arguments>
<arg>Training Wheels Protocol</arg>
</arguments>
<msg timestamp="20200428 14:20:55.067" level="INFO">Page title is 'Training Wheels Protocol'.</msg>
<status status="PASS" starttime="20200428 14:20:55.057" endtime="20200428 14:20:55.067"></status>
</kw>
<kw name="Close Browser" library="SeleniumLibrary">
<doc>Closes the current browser.</doc>
<status status="PASS" starttime="20200428 14:20:55.068" endtime="20200428 14:20:58.819"></status>
</kw>
<status status="PASS" starttime="20200428 14:20:48.422" endtime="20200428 14:20:58.820" critical="yes"></status>
</test>
<status status="PASS" starttime="20200428 14:20:48.052" endtime="20200428 14:20:58.825"></status>
</suite>
<statistics>
<total>
<stat pass="1" fail="0">Critical Tests</stat>
<stat pass="1" fail="0">All Tests</stat>
</total>
<tag>
</tag>
<suite>
<stat pass="1" fail="0" id="s1" name="Title">Title</stat>
</suite>
</statistics>
<errors>
</errors>
</robot>
